<?xml version="1.0" encoding="UTF-8"?>
<testsuite xmlns:xsi="http://www.w3.org/2001/XMLSchema-instance" xsi:noNamespaceSchemaLocation="https://maven.apache.org/surefire/maven-surefire-plugin/xsd/surefire-test-report.xsd" name="com.flt.ActivemqApplicationTests" time="6.431" tests="2" errors="0" skipped="0" failures="0">
  <properties>
    <property name="sun.desktop" value="windows"/>
    <property name="awt.toolkit" value="sun.awt.windows.WToolkit"/>
    <property name="java.specification.version" value="9"/>
    <property name="file.encoding.pkg" value="sun.io"/>
    <property name="sun.cpu.isalist" value="amd64"/>
    <property name="sun.jnu.encoding" value="GBK"/>
    <property name="java.class.path" value="E:\workspace\15\activemqdemo\target\test-classes;E:\workspace\15\activemqdemo\target\classes;E:\__apache\maven_repos\junit\junit\4.12\junit-4.12.jar;E:\__apache\maven_repos\org\hamcrest\hamcrest-core\1.3\hamcrest-core-1.3.jar;E:\__apache\maven_repos\org\springframework\boot\spring-boot-starter-web\1.5.9.RELEASE\spring-boot-starter-web-1.5.9.RELEASE.jar;E:\__apache\maven_repos\org\springframework\boot\spring-boot-starter\1.5.9.RELEASE\spring-boot-starter-1.5.9.RELEASE.jar;E:\__apache\maven_repos\org\springframework\boot\spring-boot\1.5.9.RELEASE\spring-boot-1.5.9.RELEASE.jar;E:\__apache\maven_repos\org\springframework\boot\spring-boot-autoconfigure\1.5.9.RELEASE\spring-boot-autoconfigure-1.5.9.RELEASE.jar;E:\__apache\maven_repos\org\springframework\boot\spring-boot-starter-logging\1.5.9.RELEASE\spring-boot-starter-logging-1.5.9.RELEASE.jar;E:\__apache\maven_repos\ch\qos\logback\logback-classic\1.1.11\logback-classic-1.1.11.jar;E:\__apache\maven_repos\ch\qos\logback\logback-core\1.1.11\logback-core-1.1.11.jar;E:\__apache\maven_repos\org\slf4j\jcl-over-slf4j\1.7.25\jcl-over-slf4j-1.7.25.jar;E:\__apache\maven_repos\org\slf4j\jul-to-slf4j\1.7.25\jul-to-slf4j-1.7.25.jar;E:\__apache\maven_repos\org\slf4j\log4j-over-slf4j\1.7.25\log4j-over-slf4j-1.7.25.jar;E:\__apache\maven_repos\org\yaml\snakeyaml\1.17\snakeyaml-1.17.jar;E:\__apache\maven_repos\org\springframework\boot\spring-boot-starter-tomcat\1.5.9.RELEASE\spring-boot-starter-tomcat-1.5.9.RELEASE.jar;E:\__apache\maven_repos\org\apache\tomcat\embed\tomcat-embed-core\8.5.23\tomcat-embed-core-8.5.23.jar;E:\__apache\maven_repos\org\apache\tomcat\tomcat-annotations-api\8.5.23\tomcat-annotations-api-8.5.23.jar;E:\__apache\maven_repos\org\apache\tomcat\embed\tomcat-embed-el\8.5.23\tomcat-embed-el-8.5.23.jar;E:\__apache\maven_repos\org\apache\tomcat\embed\tomcat-embed-websocket\8.5.23\tomcat-embed-websocket-8.5.23.jar;E:\__apache\maven_repos\org\hibernate\hibernate-validator\5.3.6.Final\hibernate-validator-5.3.6.Final.jar;E:\__apache\maven_repos\javax\validation\validation-api\1.1.0.Final\validation-api-1.1.0.Final.jar;E:\__apache\maven_repos\org\jboss\logging\jboss-logging\3.3.1.Final\jboss-logging-3.3.1.Final.jar;E:\__apache\maven_repos\com\fasterxml\classmate\1.3.4\classmate-1.3.4.jar;E:\__apache\maven_repos\com\fasterxml\jackson\core\jackson-databind\2.8.10\jackson-databind-2.8.10.jar;E:\__apache\maven_repos\com\fasterxml\jackson\core\jackson-annotations\2.8.0\jackson-annotations-2.8.0.jar;E:\__apache\maven_repos\com\fasterxml\jackson\core\jackson-core\2.8.10\jackson-core-2.8.10.jar;E:\__apache\maven_repos\org\springframework\spring-web\4.3.13.RELEASE\spring-web-4.3.13.RELEASE.jar;E:\__apache\maven_repos\org\springframework\spring-aop\4.3.13.RELEASE\spring-aop-4.3.13.RELEASE.jar;E:\__apache\maven_repos\org\springframework\spring-beans\4.3.13.RELEASE\spring-beans-4.3.13.RELEASE.jar;E:\__apache\maven_repos\org\springframework\spring-context\4.3.13.RELEASE\spring-context-4.3.13.RELEASE.jar;E:\__apache\maven_repos\org\springframework\spring-webmvc\4.3.13.RELEASE\spring-webmvc-4.3.13.RELEASE.jar;E:\__apache\maven_repos\org\springframework\spring-expression\4.3.13.RELEASE\spring-expression-4.3.13.RELEASE.jar;E:\__apache\maven_repos\org\springframework\boot\spring-boot-starter-test\1.5.9.RELEASE\spring-boot-starter-test-1.5.9.RELEASE.jar;E:\__apache\maven_repos\org\springframework\boot\spring-boot-test\1.5.9.RELEASE\spring-boot-test-1.5.9.RELEASE.jar;E:\__apache\maven_repos\org\springframework\boot\spring-boot-test-autoconfigure\1.5.9.RELEASE\spring-boot-test-autoconfigure-1.5.9.RELEASE.jar;E:\__apache\maven_repos\com\jayway\jsonpath\json-path\2.2.0\json-path-2.2.0.jar;E:\__apache\maven_repos\net\minidev\json-smart\2.2.1\json-smart-2.2.1.jar;E:\__apache\maven_repos\net\minidev\accessors-smart\1.1\accessors-smart-1.1.jar;E:\__apache\maven_repos\org\ow2\asm\asm\5.0.3\asm-5.0.3.jar;E:\__apache\maven_repos\org\assertj\assertj-core\2.6.0\assertj-core-2.6.0.jar;E:\__apache\maven_repos\org\mockito\mockito-core\1.10.19\mockito-core-1.10.19.jar;E:\__apache\maven_repos\org\objenesis\objenesis\2.1\objenesis-2.1.jar;E:\__apache\maven_repos\org\hamcrest\hamcrest-library\1.3\hamcrest-library-1.3.jar;E:\__apache\maven_repos\org\skyscreamer\jsonassert\1.4.0\jsonassert-1.4.0.jar;E:\__apache\maven_repos\com\vaadin\external\google\android-json\0.0.20131108.vaadin1\android-json-0.0.20131108.vaadin1.jar;E:\__apache\maven_repos\org\springframework\spring-core\4.3.13.RELEASE\spring-core-4.3.13.RELEASE.jar;E:\__apache\maven_repos\org\springframework\spring-test\4.3.13.RELEASE\spring-test-4.3.13.RELEASE.jar;E:\__apache\maven_repos\org\springframework\boot\spring-boot-starter-activemq\1.5.9.RELEASE\spring-boot-starter-activemq-1.5.9.RELEASE.jar;E:\__apache\maven_repos\org\springframework\spring-jms\4.3.13.RELEASE\spring-jms-4.3.13.RELEASE.jar;E:\__apache\maven_repos\org\springframework\spring-messaging\4.3.13.RELEASE\spring-messaging-4.3.13.RELEASE.jar;E:\__apache\maven_repos\org\springframework\spring-tx\4.3.13.RELEASE\spring-tx-4.3.13.RELEASE.jar;E:\__apache\maven_repos\org\apache\activemq\activemq-broker\5.14.5\activemq-broker-5.14.5.jar;E:\__apache\maven_repos\org\apache\activemq\activemq-openwire-legacy\5.14.5\activemq-openwire-legacy-5.14.5.jar;E:\__apache\maven_repos\org\apache\activemq\activemq-pool\5.14.5\activemq-pool-5.14.5.jar;E:\__apache\maven_repos\org\slf4j\slf4j-api\1.7.25\slf4j-api-1.7.25.jar;E:\__apache\maven_repos\org\apache\activemq\activemq-jms-pool\5.14.5\activemq-jms-pool-5.14.5.jar;E:\__apache\maven_repos\org\apache\geronimo\specs\geronimo-jms_1.1_spec\1.1.1\geronimo-jms_1.1_spec-1.1.1.jar;E:\__apache\maven_repos\org\apache\activemq\activemq-client\5.14.5\activemq-client-5.14.5.jar;E:\__apache\maven_repos\org\fusesource\hawtbuf\hawtbuf\1.11\hawtbuf-1.11.jar;E:\__apache\maven_repos\org\apache\geronimo\specs\geronimo-j2ee-management_1.1_spec\1.0.1\geronimo-j2ee-management_1.1_spec-1.0.1.jar;E:\__apache\maven_repos\org\apache\geronimo\specs\geronimo-jta_1.0.1B_spec\1.0.1\geronimo-jta_1.0.1B_spec-1.0.1.jar;E:\__apache\maven_repos\org\apache\commons\commons-pool2\2.4.3\commons-pool2-2.4.3.jar;"/>
    <property name="java.vm.vendor" value="Oracle Corporation"/>
    <property name="sun.arch.data.model" value="64"/>
    <property name="user.variant" value=""/>
    <property name="java.vendor.url" value="http://java.oracle.com/"/>
    <property name="user.timezone" value=""/>
    <property name="java.vm.specification.version" value="9"/>
    <property name="os.name" value="Windows 10"/>
    <property name="sun.java.launcher" value="SUN_STANDARD"/>
    <property name="user.country" value="CN"/>
    <property name="sun.boot.library.path" value="C:\Program Files\Java\jdk-9.0.4\bin"/>
    <property name="sun.java.command" value="C:\Users\ADMINI~1\AppData\Local\Temp\surefire13946023392002268757\surefirebooter5024364580299207533.jar C:\Users\Administrator\AppData\Local\Temp\surefire13946023392002268757 2018-04-27T21-16-41_024-jvmRun1 surefire10697723872687203416tmp surefire_013197751887300763018tmp"/>
    <property name="jdk.debug" value="release"/>
    <property name="surefire.test.class.path" value="E:\workspace\15\activemqdemo\target\test-classes;E:\workspace\15\activemqdemo\target\classes;E:\__apache\maven_repos\junit\junit\4.12\junit-4.12.jar;E:\__apache\maven_repos\org\hamcrest\hamcrest-core\1.3\hamcrest-core-1.3.jar;E:\__apache\maven_repos\org\springframework\boot\spring-boot-starter-web\1.5.9.RELEASE\spring-boot-starter-web-1.5.9.RELEASE.jar;E:\__apache\maven_repos\org\springframework\boot\spring-boot-starter\1.5.9.RELEASE\spring-boot-starter-1.5.9.RELEASE.jar;E:\__apache\maven_repos\org\springframework\boot\spring-boot\1.5.9.RELEASE\spring-boot-1.5.9.RELEASE.jar;E:\__apache\maven_repos\org\springframework\boot\spring-boot-autoconfigure\1.5.9.RELEASE\spring-boot-autoconfigure-1.5.9.RELEASE.jar;E:\__apache\maven_repos\org\springframework\boot\spring-boot-starter-logging\1.5.9.RELEASE\spring-boot-starter-logging-1.5.9.RELEASE.jar;E:\__apache\maven_repos\ch\qos\logback\logback-classic\1.1.11\logback-classic-1.1.11.jar;E:\__apache\maven_repos\ch\qos\logback\logback-core\1.1.11\logback-core-1.1.11.jar;E:\__apache\maven_repos\org\slf4j\jcl-over-slf4j\1.7.25\jcl-over-slf4j-1.7.25.jar;E:\__apache\maven_repos\org\slf4j\jul-to-slf4j\1.7.25\jul-to-slf4j-1.7.25.jar;E:\__apache\maven_repos\org\slf4j\log4j-over-slf4j\1.7.25\log4j-over-slf4j-1.7.25.jar;E:\__apache\maven_repos\org\yaml\snakeyaml\1.17\snakeyaml-1.17.jar;E:\__apache\maven_repos\org\springframework\boot\spring-boot-starter-tomcat\1.5.9.RELEASE\spring-boot-starter-tomcat-1.5.9.RELEASE.jar;E:\__apache\maven_repos\org\apache\tomcat\embed\tomcat-embed-core\8.5.23\tomcat-embed-core-8.5.23.jar;E:\__apache\maven_repos\org\apache\tomcat\tomcat-annotations-api\8.5.23\tomcat-annotations-api-8.5.23.jar;E:\__apache\maven_repos\org\apache\tomcat\embed\tomcat-embed-el\8.5.23\tomcat-embed-el-8.5.23.jar;E:\__apache\maven_repos\org\apache\tomcat\embed\tomcat-embed-websocket\8.5.23\tomcat-embed-websocket-8.5.23.jar;E:\__apache\maven_repos\org\hibernate\hibernate-validator\5.3.6.Final\hibernate-validator-5.3.6.Final.jar;E:\__apache\maven_repos\javax\validation\validation-api\1.1.0.Final\validation-api-1.1.0.Final.jar;E:\__apache\maven_repos\org\jboss\logging\jboss-logging\3.3.1.Final\jboss-logging-3.3.1.Final.jar;E:\__apache\maven_repos\com\fasterxml\classmate\1.3.4\classmate-1.3.4.jar;E:\__apache\maven_repos\com\fasterxml\jackson\core\jackson-databind\2.8.10\jackson-databind-2.8.10.jar;E:\__apache\maven_repos\com\fasterxml\jackson\core\jackson-annotations\2.8.0\jackson-annotations-2.8.0.jar;E:\__apache\maven_repos\com\fasterxml\jackson\core\jackson-core\2.8.10\jackson-core-2.8.10.jar;E:\__apache\maven_repos\org\springframework\spring-web\4.3.13.RELEASE\spring-web-4.3.13.RELEASE.jar;E:\__apache\maven_repos\org\springframework\spring-aop\4.3.13.RELEASE\spring-aop-4.3.13.RELEASE.jar;E:\__apache\maven_repos\org\springframework\spring-beans\4.3.13.RELEASE\spring-beans-4.3.13.RELEASE.jar;E:\__apache\maven_repos\org\springframework\spring-context\4.3.13.RELEASE\spring-context-4.3.13.RELEASE.jar;E:\__apache\maven_repos\org\springframework\spring-webmvc\4.3.13.RELEASE\spring-webmvc-4.3.13.RELEASE.jar;E:\__apache\maven_repos\org\springframework\spring-expression\4.3.13.RELEASE\spring-expression-4.3.13.RELEASE.jar;E:\__apache\maven_repos\org\springframework\boot\spring-boot-starter-test\1.5.9.RELEASE\spring-boot-starter-test-1.5.9.RELEASE.jar;E:\__apache\maven_repos\org\springframework\boot\spring-boot-test\1.5.9.RELEASE\spring-boot-test-1.5.9.RELEASE.jar;E:\__apache\maven_repos\org\springframework\boot\spring-boot-test-autoconfigure\1.5.9.RELEASE\spring-boot-test-autoconfigure-1.5.9.RELEASE.jar;E:\__apache\maven_repos\com\jayway\jsonpath\json-path\2.2.0\json-path-2.2.0.jar;E:\__apache\maven_repos\net\minidev\json-smart\2.2.1\json-smart-2.2.1.jar;E:\__apache\maven_repos\net\minidev\accessors-smart\1.1\accessors-smart-1.1.jar;E:\__apache\maven_repos\org\ow2\asm\asm\5.0.3\asm-5.0.3.jar;E:\__apache\maven_repos\org\assertj\assertj-core\2.6.0\assertj-core-2.6.0.jar;E:\__apache\maven_repos\org\mockito\mockito-core\1.10.19\mockito-core-1.10.19.jar;E:\__apache\maven_repos\org\objenesis\objenesis\2.1\objenesis-2.1.jar;E:\__apache\maven_repos\org\hamcrest\hamcrest-library\1.3\hamcrest-library-1.3.jar;E:\__apache\maven_repos\org\skyscreamer\jsonassert\1.4.0\jsonassert-1.4.0.jar;E:\__apache\maven_repos\com\vaadin\external\google\android-json\0.0.20131108.vaadin1\android-json-0.0.20131108.vaadin1.jar;E:\__apache\maven_repos\org\springframework\spring-core\4.3.13.RELEASE\spring-core-4.3.13.RELEASE.jar;E:\__apache\maven_repos\org\springframework\spring-test\4.3.13.RELEASE\spring-test-4.3.13.RELEASE.jar;E:\__apache\maven_repos\org\springframework\boot\spring-boot-starter-activemq\1.5.9.RELEASE\spring-boot-starter-activemq-1.5.9.RELEASE.jar;E:\__apache\maven_repos\org\springframework\spring-jms\4.3.13.RELEASE\spring-jms-4.3.13.RELEASE.jar;E:\__apache\maven_repos\org\springframework\spring-messaging\4.3.13.RELEASE\spring-messaging-4.3.13.RELEASE.jar;E:\__apache\maven_repos\org\springframework\spring-tx\4.3.13.RELEASE\spring-tx-4.3.13.RELEASE.jar;E:\__apache\maven_repos\org\apache\activemq\activemq-broker\5.14.5\activemq-broker-5.14.5.jar;E:\__apache\maven_repos\org\apache\activemq\activemq-openwire-legacy\5.14.5\activemq-openwire-legacy-5.14.5.jar;E:\__apache\maven_repos\org\apache\activemq\activemq-pool\5.14.5\activemq-pool-5.14.5.jar;E:\__apache\maven_repos\org\slf4j\slf4j-api\1.7.25\slf4j-api-1.7.25.jar;E:\__apache\maven_repos\org\apache\activemq\activemq-jms-pool\5.14.5\activemq-jms-pool-5.14.5.jar;E:\__apache\maven_repos\org\apache\geronimo\specs\geronimo-jms_1.1_spec\1.1.1\geronimo-jms_1.1_spec-1.1.1.jar;E:\__apache\maven_repos\org\apache\activemq\activemq-client\5.14.5\activemq-client-5.14.5.jar;E:\__apache\maven_repos\org\fusesource\hawtbuf\hawtbuf\1.11\hawtbuf-1.11.jar;E:\__apache\maven_repos\org\apache\geronimo\specs\geronimo-j2ee-management_1.1_spec\1.0.1\geronimo-j2ee-management_1.1_spec-1.0.1.jar;E:\__apache\maven_repos\org\apache\geronimo\specs\geronimo-jta_1.0.1B_spec\1.0.1\geronimo-jta_1.0.1B_spec-1.0.1.jar;E:\__apache\maven_repos\org\apache\commons\commons-pool2\2.4.3\commons-pool2-2.4.3.jar;"/>
    <property name="sun.cpu.endian" value="little"/>
    <property name="user.home" value="C:\Users\Administrator"/>
    <property name="user.language" value="zh"/>
    <property name="java.specification.vendor" value="Oracle Corporation"/>
    <property name="java.home" value="C:\Program Files\Java\jdk-9.0.4"/>
    <property name="file.separator" value="\"/>
    <property name="basedir" value="E:\workspace\15\activemqdemo"/>
    <property name="java.vm.compressedOopsMode" value="32-bit"/>
    <property name="line.separator" value="&#10;"/>
    <property name="java.vm.specification.vendor" value="Oracle Corporation"/>
    <property name="java.specification.name" value="Java Platform API Specification"/>
    <property name="java.awt.graphicsenv" value="sun.awt.Win32GraphicsEnvironment"/>
    <property name="surefire.real.class.path" value="C:\Users\ADMINI~1\AppData\Local\Temp\surefire13946023392002268757\surefirebooter5024364580299207533.jar"/>
    <property name="user.script" value=""/>
    <property name="sun.management.compiler" value="HotSpot 64-Bit Tiered Compilers"/>
    <property name="java.runtime.version" value="9.0.4+11"/>
    <property name="user.name" value="Administrator"/>
    <property name="path.separator" value=";"/>
    <property name="os.version" value="10.0"/>
    <property name="java.runtime.name" value="Java(TM) SE Runtime Environment"/>
    <property name="file.encoding" value="GBK"/>
    <property name="java.vm.name" value="Java HotSpot(TM) 64-Bit Server VM"/>
    <property name="localRepository" value="E:\__apache\maven_repos"/>
    <property name="java.vendor.url.bug" value="http://bugreport.java.com/bugreport/"/>
    <property name="java.io.tmpdir" value="C:\Users\ADMINI~1\AppData\Local\Temp\"/>
    <property name="idea.version" value="2017.2.5"/>
    <property name="java.version" value="9.0.4"/>
    <property name="user.dir" value="E:\workspace\15\activemqdemo"/>
    <property name="os.arch" value="amd64"/>
    <property name="java.vm.specification.name" value="Java Virtual Machine Specification"/>
    <property name="java.awt.printerjob" value="sun.awt.windows.WPrinterJob"/>
    <property name="sun.os.patch.level" value=""/>
    <property name="java.library.path" value="C:\Program Files\Java\jdk-9.0.4\bin;C:\WINDOWS\Sun\Java\bin;C:\WINDOWS\system32;C:\WINDOWS;C:\ProgramData\Oracle\Java\javapath;C:\WINDOWS\system32;C:\WINDOWS;C:\WINDOWS\System32\Wbem;C:\WINDOWS\System32\WindowsPowerShell\v1.0\;C:\Program Files\Java\jdk1.8.0_172\bin;C:\Program Files\TortoiseSVN\bin;E:\Windows10\nodejs\node_global;E:\Windows10\nodejs\;E:\Windows10\Git\cmd;C:\Users\Administrator\AppData\Local\Microsoft\WindowsApps;C:\Users\Administrator\AppData\Roaming\npm;."/>
    <property name="java.vm.info" value="mixed mode"/>
    <property name="java.vendor" value="Oracle Corporation"/>
    <property name="java.vm.version" value="9.0.4+11"/>
    <property name="sun.io.unicode.encoding" value="UnicodeLittle"/>
    <property name="java.class.version" value="53.0"/>
  </properties>
  <testcase name="test" classname="com.flt.ActivemqApplicationTests" time="0.758"/>
  <testcase name="contextLoads" classname="com.flt.ActivemqApplicationTests" time="0.889"/>
</testsuite>